<?xml version="1.0" encoding="UTF-8"?>
<testsuite name="com.bridgelabz.ValidationTestForPassword" tests="8" skipped="0" failures="0" errors="0" timestamp="2019-11-23T04:34:34" hostname="FH400" time="0.025">
  <properties/>
  <testcase name="Test[0]" classname="com.bridgelabz.ValidationTestForPassword" time="0.001"/>
  <testcase name="Test[1]" classname="com.bridgelabz.ValidationTestForPassword" time="0.001"/>
  <testcase name="Test[2]" classname="com.bridgelabz.ValidationTestForPassword" time="0.001"/>
  <testcase name="Test[3]" classname="com.bridgelabz.ValidationTestForPassword" time="0.0"/>
  <testcase name="Test[4]" classname="com.bridgelabz.ValidationTestForPassword" time="0.0"/>
  <testcase name="Test[5]" classname="com.bridgelabz.ValidationTestForPassword" time="0.002"/>
  <testcase name="Test[6]" classname="com.bridgelabz.ValidationTestForPassword" time="0.0"/>
  <testcase name="Test[7]" classname="com.bridgelabz.ValidationTestForPassword" time="0.001"/>
  <system-out><![CDATA[]]></system-out>
  <system-err><![CDATA[]]></system-err>
</testsuite>
