<?xml version="1.0" encoding="UTF-8"?>
<testsuite name="com.bridgelabz.UserRegistrationTest" tests="1" skipped="0" failures="0" errors="0" timestamp="2019-11-22T12:44:28" hostname="FH400" time="0.003">
  <properties/>
  <testcase name="when_Given_Mobile_Number_Should_Return_False" classname="com.bridgelabz.UserRegistrationTest" time="0.003"/>
  <system-out><![CDATA[]]></system-out>
  <system-err><![CDATA[]]></system-err>
</testsuite>
